Command line:
   projeto_tb_isim_beh.exe
     -simmode  gui
     -simrunnum  0
     -socket  59199

Fri Oct 18 14:58:23 2024


 Elaboration Time: 0.02 sec

 Current Memory Usage: 215.265 Meg

 Total Signals          : 12
 Total Nets             : 7
 Total Signal Drivers   : 6
 Total Blocks           : 3
 Total Primitive Blocks : 2
 Total Processes        : 6
 Total Traceable Variables  : 8
 Total Scalar Nets and Variables : 367
Total Line Count : 11
Total Line Count : 11

 Total Simulation Time: 0.04 sec

 Current Memory Usage: 292.864 Meg

Fri Oct 18 14:59:33 2024

